<?xml version="1.0" encoding="UTF-8"?>
<coverage generated="1554234176339" clover="3.2.0">
  <project timestamp="1554234176340" name="All files">
    <metrics statements="108" coveredstatements="106" conditionals="104" coveredconditionals="93" methods="26" coveredmethods="25" elements="238" coveredelements="224" complexity="0" loc="108" ncloc="108" packages="1" files="3" classes="3">
      <file name="IntersectionObserver.js" path="/Users/vibhorj/cvent-git/react-intersection-observer/src/IntersectionObserver.js">
        <metrics statements="63" coveredstatements="61" conditionals="60" coveredconditionals="52" methods="15" coveredmethods="14"/>
        <line num="9" count="1" type="stmt"/>
        <line num="10" count="1" type="stmt"/>
        <line num="11" count="1" type="stmt"/>
        <line num="17" count="23" type="stmt"/>
        <line num="18" count="23" type="stmt"/>
        <line num="19" count="23" type="stmt"/>
        <line num="99" count="30" type="stmt"/>
        <line num="100" count="90" type="cond" truecount="2" falsecount="0"/>
        <line num="101" count="29" type="cond" truecount="2" falsecount="0"/>
        <line num="102" count="29" type="cond" truecount="1" falsecount="1"/>
        <line num="104" count="90" type="stmt"/>
        <line num="109" count="37" type="cond" truecount="2" falsecount="0"/>
        <line num="110" count="4" type="stmt"/>
        <line num="111" count="8" type="stmt"/>
        <line num="114" count="33" type="stmt"/>
        <line num="119" count="12" type="cond" truecount="5" falsecount="0"/>
        <line num="120" count="1" type="stmt"/>
        <line num="121" count="1" type="stmt"/>
        <line num="122" count="1" type="stmt"/>
        <line num="123" count="0" type="cond" truecount="0" falsecount="2"/>
        <line num="124" count="0" type="stmt"/>
        <line num="129" count="12" type="cond" truecount="5" falsecount="0"/>
        <line num="130" count="1" type="stmt"/>
        <line num="131" count="1" type="stmt"/>
        <line num="132" count="1" type="stmt"/>
        <line num="135" count="12" type="stmt"/>
        <line num="137" count="12" type="cond" truecount="2" falsecount="0"/>
        <line num="139" count="4" type="cond" truecount="1" falsecount="1"/>
        <line num="140" count="4" type="stmt"/>
        <line num="145" count="3" type="cond" truecount="2" falsecount="0"/>
        <line num="146" count="2" type="stmt"/>
        <line num="150" count="11" type="cond" truecount="1" falsecount="1"/>
        <line num="151" count="11" type="stmt"/>
        <line num="162" count="30" type="stmt"/>
        <line num="163" count="30" type="cond" truecount="2" falsecount="0"/>
        <line num="164" count="2" type="cond" truecount="2" falsecount="0"/>
        <line num="165" count="1" type="stmt"/>
        <line num="166" count="1" type="cond" truecount="1" falsecount="1"/>
        <line num="167" count="1" type="stmt"/>
        <line num="175" count="30" type="cond" truecount="4" falsecount="0"/>
        <line num="176" count="30" type="cond" truecount="2" falsecount="0"/>
        <line num="177" count="2" type="stmt"/>
        <line num="179" count="30" type="stmt"/>
        <line num="183" count="29" type="cond" truecount="1" falsecount="1"/>
        <line num="184" count="29" type="stmt"/>
        <line num="185" count="29" type="stmt"/>
        <line num="189" count="16" type="cond" truecount="2" falsecount="0"/>
        <line num="190" count="12" type="stmt"/>
        <line num="196" count="22" type="cond" truecount="4" falsecount="0"/>
        <line num="197" count="1" type="stmt"/>
        <line num="202" count="21" type="cond" truecount="2" falsecount="0"/>
        <line num="203" count="19" type="stmt"/>
        <line num="205" count="21" type="stmt"/>
        <line num="209" count="51" type="stmt"/>
        <line num="211" count="16" type="cond" truecount="2" falsecount="0"/>
        <line num="212" count="9" type="stmt"/>
        <line num="215" count="16" type="cond" truecount="4" falsecount="0"/>
        <line num="216" count="11" type="cond" truecount="2" falsecount="0"/>
        <line num="217" count="10" type="stmt"/>
        <line num="220" count="16" type="stmt"/>
        <line num="224" count="2" type="stmt"/>
        <line num="228" count="39" type="stmt"/>
        <line num="230" count="39" type="stmt"/>
      </file>
      <file name="observer.js" path="/Users/vibhorj/cvent-git/react-intersection-observer/src/observer.js">
        <metrics statements="33" coveredstatements="33" conditionals="28" coveredconditionals="26" methods="6" coveredmethods="6"/>
        <line num="4" count="2" type="stmt"/>
        <line num="7" count="52" type="cond" truecount="2" falsecount="0"/>
        <line num="8" count="52" type="stmt"/>
        <line num="9" count="51" type="cond" truecount="2" falsecount="0"/>
        <line num="12" count="51" type="stmt"/>
        <line num="14" count="51" type="stmt"/>
        <line num="16" count="12" type="cond" truecount="3" falsecount="0"/>
        <line num="20" count="12" type="cond" truecount="2" falsecount="0"/>
        <line num="21" count="6" type="stmt"/>
        <line num="24" count="45" type="stmt"/>
        <line num="28" count="18" type="stmt"/>
        <line num="29" count="18" type="cond" truecount="2" falsecount="0"/>
        <line num="30" count="16" type="stmt"/>
        <line num="32" count="16" type="stmt"/>
        <line num="33" count="18" type="cond" truecount="2" falsecount="0"/>
        <line num="34" count="16" type="stmt"/>
        <line num="38" count="2" type="stmt"/>
        <line num="50" count="2" type="stmt"/>
        <line num="51" count="8" type="stmt"/>
        <line num="52" count="8" type="cond" truecount="1" falsecount="1"/>
        <line num="53" count="8" type="stmt"/>
        <line num="59" count="43" type="cond" truecount="2" falsecount="0"/>
        <line num="63" count="43" type="cond" truecount="2" falsecount="0"/>
        <line num="64" count="37" type="stmt"/>
        <line num="66" count="43" type="stmt"/>
        <line num="67" count="43" type="stmt"/>
        <line num="71" count="14" type="cond" truecount="2" falsecount="0"/>
        <line num="72" count="13" type="stmt"/>
        <line num="73" count="13" type="cond" truecount="1" falsecount="1"/>
        <line num="74" count="13" type="cond" truecount="2" falsecount="0"/>
        <line num="75" count="1" type="stmt"/>
        <line num="77" count="12" type="stmt"/>
        <line num="78" count="12" type="stmt"/>
      </file>
      <file name="utils.js" path="/Users/vibhorj/cvent-git/react-intersection-observer/src/utils.js">
        <metrics statements="12" coveredstatements="12" conditionals="16" coveredconditionals="15" methods="5" coveredmethods="5"/>
        <line num="4" count="3" type="cond" truecount="2" falsecount="0"/>
        <line num="7" count="3" type="stmt"/>
        <line num="10" count="61" type="cond" truecount="2" falsecount="0"/>
        <line num="11" count="61" type="cond" truecount="3" falsecount="1"/>
        <line num="12" count="92" type="cond" truecount="2" falsecount="0"/>
        <line num="13" count="3" type="stmt"/>
        <line num="15" count="89" type="stmt"/>
        <line num="18" count="58" type="stmt"/>
        <line num="22" count="94" type="cond" truecount="4" falsecount="0"/>
        <line num="23" count="13" type="cond" truecount="2" falsecount="0"/>
        <line num="24" count="18" type="stmt"/>
        <line num="27" count="85" type="stmt"/>
      </file>
    </metrics>
  </project>
</coverage>
