TN:
SF:/Users/vibhorj/cvent-git/react-intersection-observer/src/IntersectionObserver.js
FN:16,(anonymous_0)
FN:98,(anonymous_1)
FN:99,(anonymous_2)
FN:108,(anonymous_3)
FN:110,(anonymous_4)
FN:118,(anonymous_5)
FN:122,(anonymous_6)
FN:158,(anonymous_7)
FN:182,(anonymous_8)
FN:188,(anonymous_9)
FN:194,(anonymous_10)
FN:208,(anonymous_11)
FN:209,(anonymous_12)
FN:223,(anonymous_13)
FN:227,(anonymous_14)
FNF:15
FNH:14
FNDA:23,(anonymous_0)
FNDA:30,(anonymous_1)
FNDA:90,(anonymous_2)
FNDA:37,(anonymous_3)
FNDA:8,(anonymous_4)
FNDA:12,(anonymous_5)
FNDA:0,(anonymous_6)
FNDA:30,(anonymous_7)
FNDA:29,(anonymous_8)
FNDA:16,(anonymous_9)
FNDA:22,(anonymous_10)
FNDA:16,(anonymous_11)
FNDA:51,(anonymous_12)
FNDA:2,(anonymous_13)
FNDA:39,(anonymous_14)
DA:9,1
DA:10,1
DA:11,1
DA:17,23
DA:18,23
DA:19,23
DA:99,30
DA:100,90
DA:101,29
DA:102,29
DA:104,90
DA:109,37
DA:110,4
DA:111,8
DA:114,33
DA:119,12
DA:120,1
DA:121,1
DA:122,1
DA:123,0
DA:124,0
DA:129,12
DA:130,1
DA:131,1
DA:132,1
DA:135,12
DA:137,12
DA:139,4
DA:140,4
DA:145,3
DA:146,2
DA:150,11
DA:151,11
DA:162,30
DA:163,30
DA:164,2
DA:165,1
DA:166,1
DA:167,1
DA:175,30
DA:176,30
DA:177,2
DA:179,30
DA:183,29
DA:184,29
DA:185,29
DA:189,16
DA:190,12
DA:196,22
DA:197,1
DA:202,21
DA:203,19
DA:205,21
DA:209,51
DA:211,16
DA:212,9
DA:215,16
DA:216,11
DA:217,10
DA:220,16
DA:224,2
DA:228,39
DA:230,39
LF:63
LH:61
BRDA:34,0,0,0
BRDA:34,0,1,1
BRDA:100,1,0,29
BRDA:100,1,1,61
BRDA:101,2,0,29
BRDA:101,2,1,9
BRDA:102,3,0,0
BRDA:102,3,1,29
BRDA:109,4,0,4
BRDA:109,4,1,33
BRDA:119,5,0,1
BRDA:119,5,1,11
BRDA:119,6,0,12
BRDA:119,6,1,6
BRDA:119,6,2,1
BRDA:123,7,0,0
BRDA:123,7,1,0
BRDA:129,8,0,1
BRDA:129,8,1,11
BRDA:129,9,0,12
BRDA:129,9,1,6
BRDA:129,9,2,6
BRDA:137,10,0,4
BRDA:137,10,1,8
BRDA:139,11,0,4
BRDA:139,11,1,0
BRDA:145,12,0,2
BRDA:145,12,1,1
BRDA:150,13,0,11
BRDA:150,13,1,0
BRDA:163,14,0,2
BRDA:163,14,1,28
BRDA:164,15,0,1
BRDA:164,15,1,1
BRDA:166,16,0,1
BRDA:166,16,1,0
BRDA:175,17,0,30
BRDA:175,17,1,4
BRDA:175,18,0,30
BRDA:175,18,1,8
BRDA:176,19,0,2
BRDA:176,19,1,28
BRDA:183,20,0,29
BRDA:183,20,1,0
BRDA:189,21,0,12
BRDA:189,21,1,4
BRDA:196,22,0,1
BRDA:196,22,1,21
BRDA:196,23,0,22
BRDA:196,23,1,22
BRDA:202,24,0,19
BRDA:202,24,1,2
BRDA:211,25,0,9
BRDA:211,25,1,7
BRDA:215,26,0,11
BRDA:215,26,1,5
BRDA:215,27,0,16
BRDA:215,27,1,14
BRDA:216,28,0,10
BRDA:216,28,1,1
BRF:60
BRH:52
end_of_record
TN:
SF:/Users/vibhorj/cvent-git/react-intersection-observer/src/observer.js
FN:6,getPooled
FN:27,findObserverElement
FN:49,callback
FN:58,createObserver
FN:62,observeElement
FN:70,unobserveElement
FNF:6
FNH:6
FNDA:52,getPooled
FNDA:18,findObserverElement
FNDA:2,callback
FNDA:43,createObserver
FNDA:43,observeElement
FNDA:14,unobserveElement
DA:4,2
DA:7,52
DA:8,52
DA:9,51
DA:12,51
DA:14,51
DA:16,12
DA:20,12
DA:21,6
DA:24,45
DA:28,18
DA:29,18
DA:30,16
DA:32,16
DA:33,18
DA:34,16
DA:38,2
DA:50,2
DA:51,8
DA:52,8
DA:53,8
DA:59,43
DA:63,43
DA:64,37
DA:66,43
DA:67,43
DA:71,14
DA:72,13
DA:73,13
DA:74,13
DA:75,1
DA:77,12
DA:78,12
LF:33
LH:33
BRDA:6,0,0,7
BRDA:7,1,0,52
BRDA:7,1,1,44
BRDA:9,2,0,16
BRDA:9,2,1,35
BRDA:11,3,0,8
BRDA:11,3,1,27
BRDA:16,4,0,12
BRDA:16,4,1,12
BRDA:16,4,2,9
BRDA:20,5,0,6
BRDA:20,5,1,6
BRDA:29,6,0,16
BRDA:29,6,1,2
BRDA:33,7,0,16
BRDA:33,7,1,2
BRDA:52,8,0,8
BRDA:52,8,1,0
BRDA:59,9,0,43
BRDA:59,9,1,39
BRDA:63,10,0,37
BRDA:63,10,1,6
BRDA:71,11,0,13
BRDA:71,11,1,1
BRDA:73,12,0,13
BRDA:73,12,1,0
BRDA:74,13,0,1
BRDA:74,13,1,12
BRF:28
BRH:26
end_of_record
TN:
SF:/Users/vibhorj/cvent-git/react-intersection-observer/src/utils.js
FN:3,isDOMTypeElement
FN:9,parseRootMargin
FN:11,(anonymous_2)
FN:21,shallowCompare
FN:24,(anonymous_4)
FNF:5
FNH:5
FNDA:3,isDOMTypeElement
FNDA:61,parseRootMargin
FNDA:92,(anonymous_2)
FNDA:94,shallowCompare
FNDA:18,(anonymous_4)
DA:4,3
DA:7,3
DA:10,61
DA:11,61
DA:12,92
DA:13,3
DA:15,89
DA:18,58
DA:22,94
DA:23,13
DA:24,18
DA:27,85
LF:12
LH:12
BRDA:4,0,0,3
BRDA:4,0,1,2
BRDA:10,1,0,30
BRDA:10,1,1,31
BRDA:11,2,0,0
BRDA:11,3,0,32
BRDA:11,4,0,56
BRDA:11,5,0,57
BRDA:12,6,0,3
BRDA:12,6,1,89
BRDA:22,7,0,13
BRDA:22,7,1,81
BRDA:22,8,0,94
BRDA:22,8,1,14
BRDA:23,9,0,9
BRDA:23,9,1,4
BRF:16
BRH:15
end_of_record
