{"/Users/vibhorj/cvent-git/react-intersection-observer/src/IntersectionObserver.js": {"path":"/Users/vibhorj/cvent-git/react-intersection-observer/src/IntersectionObserver.js","statementMap":{"0":{"start":{"line":9,"column":24},"end":{"line":9,"column":59}},"1":{"start":{"line":10,"column":22},"end":{"line":10,"column":58}},"2":{"start":{"line":11,"column":20},"end":{"line":11,"column":36}},"3":{"start":{"line":17,"column":8},"end":{"line":17,"column":21}},"4":{"start":{"line":18,"column":8},"end":{"line":18,"column":31}},"5":{"start":{"line":19,"column":8},"end":{"line":19,"column":30}},"6":{"start":{"line":99,"column":8},"end":{"line":105,"column":15}},"7":{"start":{"line":100,"column":12},"end":{"line":103,"column":13}},"8":{"start":{"line":101,"column":33},"end":{"line":101,"column":115}},"9":{"start":{"line":102,"column":16},"end":{"line":102,"column":100}},"10":{"start":{"line":104,"column":12},"end":{"line":104,"column":27}},"11":{"start":{"line":109,"column":8},"end":{"line":115,"column":9}},"12":{"start":{"line":110,"column":12},"end":{"line":112,"column":15}},"13":{"start":{"line":111,"column":16},"end":{"line":111,"column":38}},"14":{"start":{"line":114,"column":12},"end":{"line":114,"column":53}},"15":{"start":{"line":119,"column":8},"end":{"line":127,"column":9}},"16":{"start":{"line":120,"column":12},"end":{"line":120,"column":54}},"17":{"start":{"line":121,"column":12},"end":{"line":121,"column":34}},"18":{"start":{"line":122,"column":12},"end":{"line":126,"column":36}},"19":{"start":{"line":123,"column":16},"end":{"line":125,"column":17}},"20":{"start":{"line":124,"column":20},"end":{"line":124,"column":70}},"21":{"start":{"line":129,"column":8},"end":{"line":133,"column":9}},"22":{"start":{"line":130,"column":12},"end":{"line":130,"column":53}},"23":{"start":{"line":131,"column":12},"end":{"line":131,"column":35}},"24":{"start":{"line":132,"column":12},"end":{"line":132,"column":52}},"25":{"start":{"line":135,"column":8},"end":{"line":135,"column":51}},"26":{"start":{"line":137,"column":8},"end":{"line":148,"column":9}},"27":{"start":{"line":139,"column":12},"end":{"line":144,"column":13}},"28":{"start":{"line":140,"column":16},"end":{"line":143,"column":18}},"29":{"start":{"line":145,"column":12},"end":{"line":147,"column":13}},"30":{"start":{"line":146,"column":16},"end":{"line":146,"column":33}},"31":{"start":{"line":150,"column":8},"end":{"line":155,"column":9}},"32":{"start":{"line":151,"column":12},"end":{"line":154,"column":14}},"33":{"start":{"line":162,"column":24},"end":{"line":162,"column":47}},"34":{"start":{"line":163,"column":8},"end":{"line":169,"column":9}},"35":{"start":{"line":164,"column":12},"end":{"line":168,"column":13}},"36":{"start":{"line":165,"column":16},"end":{"line":165,"column":32}},"37":{"start":{"line":166,"column":19},"end":{"line":168,"column":13}},"38":{"start":{"line":167,"column":16},"end":{"line":167,"column":41}},"39":{"start":{"line":175,"column":8},"end":{"line":175,"column":103}},"40":{"start":{"line":176,"column":8},"end":{"line":178,"column":9}},"41":{"start":{"line":177,"column":12},"end":{"line":177,"column":29}},"42":{"start":{"line":179,"column":8},"end":{"line":179,"column":29}},"43":{"start":{"line":183,"column":8},"end":{"line":183,"column":93}},"44":{"start":{"line":184,"column":8},"end":{"line":184,"column":53}},"45":{"start":{"line":185,"column":8},"end":{"line":185,"column":29}},"46":{"start":{"line":189,"column":8},"end":{"line":191,"column":9}},"47":{"start":{"line":190,"column":12},"end":{"line":190,"column":35}},"48":{"start":{"line":196,"column":8},"end":{"line":201,"column":9}},"49":{"start":{"line":197,"column":12},"end":{"line":200,"column":14}},"50":{"start":{"line":202,"column":8},"end":{"line":204,"column":9}},"51":{"start":{"line":203,"column":12},"end":{"line":203,"column":27}},"52":{"start":{"line":205,"column":8},"end":{"line":205,"column":31}},"53":{"start":{"line":209,"column":29},"end":{"line":209,"column":106}},"54":{"start":{"line":209,"column":56},"end":{"line":209,"column":105}},"55":{"start":{"line":211,"column":8},"end":{"line":213,"column":9}},"56":{"start":{"line":212,"column":12},"end":{"line":212,"column":29}},"57":{"start":{"line":215,"column":8},"end":{"line":219,"column":9}},"58":{"start":{"line":216,"column":12},"end":{"line":218,"column":13}},"59":{"start":{"line":217,"column":16},"end":{"line":217,"column":31}},"60":{"start":{"line":220,"column":8},"end":{"line":220,"column":31}},"61":{"start":{"line":224,"column":8},"end":{"line":224,"column":25}},"62":{"start":{"line":228,"column":8},"end":{"line":228,"column":42}},"63":{"start":{"line":230,"column":8},"end":{"line":232,"column":11}}},"fnMap":{"0":{"name":"(anonymous_0)","decl":{"start":{"line":16,"column":4},"end":{"line":16,"column":5}},"loc":{"start":{"line":16,"column":23},"end":{"line":20,"column":5}},"line":16},"1":{"name":"(anonymous_1)","decl":{"start":{"line":98,"column":4},"end":{"line":98,"column":5}},"loc":{"start":{"line":98,"column":18},"end":{"line":106,"column":5}},"line":98},"2":{"name":"(anonymous_2)","decl":{"start":{"line":99,"column":38},"end":{"line":99,"column":39}},"loc":{"start":{"line":99,"column":56},"end":{"line":105,"column":9}},"line":99},"3":{"name":"(anonymous_3)","decl":{"start":{"line":108,"column":22},"end":{"line":108,"column":23}},"loc":{"start":{"line":108,"column":28},"end":{"line":116,"column":5}},"line":108},"4":{"name":"(anonymous_4)","decl":{"start":{"line":110,"column":60},"end":{"line":110,"column":61}},"loc":{"start":{"line":110,"column":70},"end":{"line":112,"column":13}},"line":110},"5":{"name":"(anonymous_5)","decl":{"start":{"line":118,"column":19},"end":{"line":118,"column":20}},"loc":{"start":{"line":118,"column":28},"end":{"line":156,"column":5}},"line":118},"6":{"name":"(anonymous_6)","decl":{"start":{"line":122,"column":51},"end":{"line":122,"column":52}},"loc":{"start":{"line":122,"column":57},"end":{"line":126,"column":13}},"line":122},"7":{"name":"(anonymous_7)","decl":{"start":{"line":158,"column":17},"end":{"line":158,"column":18}},"loc":{"start":{"line":158,"column":27},"end":{"line":180,"column":5}},"line":158},"8":{"name":"(anonymous_8)","decl":{"start":{"line":182,"column":14},"end":{"line":182,"column":15}},"loc":{"start":{"line":182,"column":20},"end":{"line":186,"column":5}},"line":182},"9":{"name":"(anonymous_9)","decl":{"start":{"line":188,"column":16},"end":{"line":188,"column":17}},"loc":{"start":{"line":188,"column":22},"end":{"line":192,"column":5}},"line":188},"10":{"name":"(anonymous_10)","decl":{"start":{"line":194,"column":4},"end":{"line":194,"column":5}},"loc":{"start":{"line":194,"column":24},"end":{"line":206,"column":5}},"line":194},"11":{"name":"(anonymous_11)","decl":{"start":{"line":208,"column":4},"end":{"line":208,"column":5}},"loc":{"start":{"line":208,"column":34},"end":{"line":221,"column":5}},"line":208},"12":{"name":"(anonymous_12)","decl":{"start":{"line":209,"column":48},"end":{"line":209,"column":49}},"loc":{"start":{"line":209,"column":56},"end":{"line":209,"column":105}},"line":209},"13":{"name":"(anonymous_13)","decl":{"start":{"line":223,"column":4},"end":{"line":223,"column":5}},"loc":{"start":{"line":223,"column":27},"end":{"line":225,"column":5}},"line":223},"14":{"name":"(anonymous_14)","decl":{"start":{"line":227,"column":4},"end":{"line":227,"column":5}},"loc":{"start":{"line":227,"column":13},"end":{"line":233,"column":5}},"line":227}},"branchMap":{"0":{"loc":{"start":{"line":34,"column":38},"end":{"line":34,"column":113}},"type":"cond-expr","locations":[{"start":{"line":34,"column":75},"end":{"line":34,"column":77}},{"start":{"line":34,"column":80},"end":{"line":34,"column":113}}],"line":34},"1":{"loc":{"start":{"line":100,"column":12},"end":{"line":103,"column":13}},"type":"if","locations":[{"start":{"line":100,"column":12},"end":{"line":103,"column":13}},{"start":{"line":100,"column":12},"end":{"line":103,"column":13}}],"line":100},"2":{"loc":{"start":{"line":101,"column":33},"end":{"line":101,"column":115}},"type":"binary-expr","locations":[{"start":{"line":101,"column":33},"end":{"line":101,"column":47}},{"start":{"line":101,"column":51},"end":{"line":101,"column":115}}],"line":101},"3":{"loc":{"start":{"line":102,"column":31},"end":{"line":102,"column":99}},"type":"cond-expr","locations":[{"start":{"line":102,"column":42},"end":{"line":102,"column":81}},{"start":{"line":102,"column":84},"end":{"line":102,"column":99}}],"line":102},"4":{"loc":{"start":{"line":109,"column":8},"end":{"line":115,"column":9}},"type":"if","locations":[{"start":{"line":109,"column":8},"end":{"line":115,"column":9}},{"start":{"line":109,"column":8},"end":{"line":115,"column":9}}],"line":109},"5":{"loc":{"start":{"line":119,"column":8},"end":{"line":127,"column":9}},"type":"if","locations":[{"start":{"line":119,"column":8},"end":{"line":127,"column":9}},{"start":{"line":119,"column":8},"end":{"line":127,"column":9}}],"line":119},"6":{"loc":{"start":{"line":119,"column":12},"end":{"line":119,"column":97}},"type":"binary-expr","locations":[{"start":{"line":119,"column":12},"end":{"line":119,"column":30}},{"start":{"line":119,"column":34},"end":{"line":119,"column":49}},{"start":{"line":119,"column":53},"end":{"line":119,"column":97}}],"line":119},"7":{"loc":{"start":{"line":123,"column":16},"end":{"line":125,"column":17}},"type":"if","locations":[{"start":{"line":123,"column":16},"end":{"line":125,"column":17}},{"start":{"line":123,"column":16},"end":{"line":125,"column":17}}],"line":123},"8":{"loc":{"start":{"line":129,"column":8},"end":{"line":133,"column":9}},"type":"if","locations":[{"start":{"line":129,"column":8},"end":{"line":133,"column":9}},{"start":{"line":129,"column":8},"end":{"line":133,"column":9}}],"line":129},"9":{"loc":{"start":{"line":129,"column":12},"end":{"line":129,"column":94}},"type":"binary-expr","locations":[{"start":{"line":129,"column":12},"end":{"line":129,"column":29}},{"start":{"line":129,"column":33},"end":{"line":129,"column":47}},{"start":{"line":129,"column":51},"end":{"line":129,"column":94}}],"line":129},"10":{"loc":{"start":{"line":137,"column":8},"end":{"line":148,"column":9}},"type":"if","locations":[{"start":{"line":137,"column":8},"end":{"line":148,"column":9}},{"start":{"line":137,"column":8},"end":{"line":148,"column":9}}],"line":137},"11":{"loc":{"start":{"line":139,"column":12},"end":{"line":144,"column":13}},"type":"if","locations":[{"start":{"line":139,"column":12},"end":{"line":144,"column":13}},{"start":{"line":139,"column":12},"end":{"line":144,"column":13}}],"line":139},"12":{"loc":{"start":{"line":145,"column":12},"end":{"line":147,"column":13}},"type":"if","locations":[{"start":{"line":145,"column":12},"end":{"line":147,"column":13}},{"start":{"line":145,"column":12},"end":{"line":147,"column":13}}],"line":145},"13":{"loc":{"start":{"line":150,"column":8},"end":{"line":155,"column":9}},"type":"if","locations":[{"start":{"line":150,"column":8},"end":{"line":155,"column":9}},{"start":{"line":150,"column":8},"end":{"line":155,"column":9}}],"line":150},"14":{"loc":{"start":{"line":163,"column":8},"end":{"line":169,"column":9}},"type":"if","locations":[{"start":{"line":163,"column":8},"end":{"line":169,"column":9}},{"start":{"line":163,"column":8},"end":{"line":169,"column":9}}],"line":163},"15":{"loc":{"start":{"line":164,"column":12},"end":{"line":168,"column":13}},"type":"if","locations":[{"start":{"line":164,"column":12},"end":{"line":168,"column":13}},{"start":{"line":164,"column":12},"end":{"line":168,"column":13}}],"line":164},"16":{"loc":{"start":{"line":166,"column":19},"end":{"line":168,"column":13}},"type":"if","locations":[{"start":{"line":166,"column":19},"end":{"line":168,"column":13}},{"start":{"line":166,"column":19},"end":{"line":168,"column":13}}],"line":166},"17":{"loc":{"start":{"line":175,"column":29},"end":{"line":175,"column":102}},"type":"binary-expr","locations":[{"start":{"line":175,"column":29},"end":{"line":175,"column":68}},{"start":{"line":175,"column":72},"end":{"line":175,"column":102}}],"line":175},"18":{"loc":{"start":{"line":175,"column":30},"end":{"line":175,"column":59}},"type":"binary-expr","locations":[{"start":{"line":175,"column":30},"end":{"line":175,"column":49}},{"start":{"line":175,"column":53},"end":{"line":175,"column":59}}],"line":175},"19":{"loc":{"start":{"line":176,"column":8},"end":{"line":178,"column":9}},"type":"if","locations":[{"start":{"line":176,"column":8},"end":{"line":178,"column":9}},{"start":{"line":176,"column":8},"end":{"line":178,"column":9}}],"line":176},"20":{"loc":{"start":{"line":183,"column":22},"end":{"line":183,"column":92}},"type":"cond-expr","locations":[{"start":{"line":183,"column":54},"end":{"line":183,"column":65}},{"start":{"line":183,"column":68},"end":{"line":183,"column":92}}],"line":183},"21":{"loc":{"start":{"line":189,"column":8},"end":{"line":191,"column":9}},"type":"if","locations":[{"start":{"line":189,"column":8},"end":{"line":191,"column":9}},{"start":{"line":189,"column":8},"end":{"line":191,"column":9}}],"line":189},"22":{"loc":{"start":{"line":196,"column":8},"end":{"line":201,"column":9}},"type":"if","locations":[{"start":{"line":196,"column":8},"end":{"line":201,"column":9}},{"start":{"line":196,"column":8},"end":{"line":201,"column":9}}],"line":196},"23":{"loc":{"start":{"line":196,"column":12},"end":{"line":196,"column":85}},"type":"binary-expr","locations":[{"start":{"line":196,"column":12},"end":{"line":196,"column":49}},{"start":{"line":196,"column":53},"end":{"line":196,"column":85}}],"line":196},"24":{"loc":{"start":{"line":202,"column":8},"end":{"line":204,"column":9}},"type":"if","locations":[{"start":{"line":202,"column":8},"end":{"line":204,"column":9}},{"start":{"line":202,"column":8},"end":{"line":204,"column":9}}],"line":202},"25":{"loc":{"start":{"line":211,"column":8},"end":{"line":213,"column":9}},"type":"if","locations":[{"start":{"line":211,"column":8},"end":{"line":213,"column":9}},{"start":{"line":211,"column":8},"end":{"line":213,"column":9}}],"line":211},"26":{"loc":{"start":{"line":215,"column":8},"end":{"line":219,"column":9}},"type":"if","locations":[{"start":{"line":215,"column":8},"end":{"line":219,"column":9}},{"start":{"line":215,"column":8},"end":{"line":219,"column":9}}],"line":215},"27":{"loc":{"start":{"line":215,"column":12},"end":{"line":215,"column":46}},"type":"binary-expr","locations":[{"start":{"line":215,"column":12},"end":{"line":215,"column":30}},{"start":{"line":215,"column":34},"end":{"line":215,"column":46}}],"line":215},"28":{"loc":{"start":{"line":216,"column":12},"end":{"line":218,"column":13}},"type":"if","locations":[{"start":{"line":216,"column":12},"end":{"line":218,"column":13}},{"start":{"line":216,"column":12},"end":{"line":218,"column":13}}],"line":216}},"s":{"0":1,"1":1,"2":1,"3":23,"4":23,"5":23,"6":30,"7":90,"8":29,"9":29,"10":90,"11":37,"12":4,"13":8,"14":33,"15":12,"16":1,"17":1,"18":1,"19":0,"20":0,"21":12,"22":1,"23":1,"24":1,"25":12,"26":12,"27":4,"28":4,"29":3,"30":2,"31":11,"32":11,"33":30,"34":30,"35":2,"36":1,"37":1,"38":1,"39":30,"40":30,"41":2,"42":30,"43":29,"44":29,"45":29,"46":16,"47":12,"48":22,"49":1,"50":21,"51":19,"52":21,"53":16,"54":51,"55":16,"56":9,"57":16,"58":11,"59":10,"60":16,"61":2,"62":39,"63":39},"f":{"0":23,"1":30,"2":90,"3":37,"4":8,"5":12,"6":0,"7":30,"8":29,"9":16,"10":22,"11":16,"12":51,"13":2,"14":39},"b":{"0":[0,1],"1":[29,61],"2":[29,9],"3":[0,29],"4":[4,33],"5":[1,11],"6":[12,6,1],"7":[0,0],"8":[1,11],"9":[12,6,6],"10":[4,8],"11":[4,0],"12":[2,1],"13":[11,0],"14":[2,28],"15":[1,1],"16":[1,0],"17":[30,4],"18":[30,8],"19":[2,28],"20":[29,0],"21":[12,4],"22":[1,21],"23":[22,22],"24":[19,2],"25":[9,7],"26":[11,5],"27":[16,14],"28":[10,1]},"_coverageSchema":"332fd63041d2c1bcb487cc26dd0d5f7d97098a6c","hash":"c7a05db7b7d9e39321723813e45e87e306a2a70b"}
,"/Users/vibhorj/cvent-git/react-intersection-observer/src/observer.js": {"path":"/Users/vibhorj/cvent-git/react-intersection-observer/src/observer.js","statementMap":{"0":{"start":{"line":4,"column":35},"end":{"line":4,"column":44}},"1":{"start":{"line":7,"column":17},"end":{"line":7,"column":37}},"2":{"start":{"line":8,"column":23},"end":{"line":8,"column":58}},"3":{"start":{"line":9,"column":22},"end":{"line":11,"column":61}},"4":{"start":{"line":12,"column":22},"end":{"line":12,"column":48}},"5":{"start":{"line":14,"column":4},"end":{"line":23,"column":5}},"6":{"start":{"line":16,"column":12},"end":{"line":18,"column":58}},"7":{"start":{"line":20,"column":8},"end":{"line":22,"column":9}},"8":{"start":{"line":21,"column":12},"end":{"line":21,"column":28}},"9":{"start":{"line":24,"column":4},"end":{"line":24,"column":16}},"10":{"start":{"line":28,"column":21},"end":{"line":28,"column":54}},"11":{"start":{"line":29,"column":4},"end":{"line":37,"column":5}},"12":{"start":{"line":30,"column":23},"end":{"line":30,"column":40}},"13":{"start":{"line":32,"column":8},"end":{"line":36,"column":9}},"14":{"start":{"line":33,"column":12},"end":{"line":35,"column":13}},"15":{"start":{"line":34,"column":16},"end":{"line":34,"column":31}},"16":{"start":{"line":38,"column":4},"end":{"line":38,"column":16}},"17":{"start":{"line":50,"column":4},"end":{"line":55,"column":5}},"18":{"start":{"line":51,"column":24},"end":{"line":51,"column":65}},"19":{"start":{"line":52,"column":8},"end":{"line":54,"column":9}},"20":{"start":{"line":53,"column":12},"end":{"line":53,"column":45}},"21":{"start":{"line":59,"column":4},"end":{"line":59,"column":77}},"22":{"start":{"line":63,"column":4},"end":{"line":65,"column":5}},"23":{"start":{"line":64,"column":8},"end":{"line":64,"column":61}},"24":{"start":{"line":66,"column":4},"end":{"line":66,"column":59}},"25":{"start":{"line":67,"column":4},"end":{"line":67,"column":45}},"26":{"start":{"line":71,"column":4},"end":{"line":81,"column":5}},"27":{"start":{"line":72,"column":24},"end":{"line":72,"column":65}},"28":{"start":{"line":73,"column":8},"end":{"line":80,"column":9}},"29":{"start":{"line":74,"column":12},"end":{"line":79,"column":13}},"30":{"start":{"line":75,"column":16},"end":{"line":75,"column":59}},"31":{"start":{"line":77,"column":16},"end":{"line":77,"column":46}},"32":{"start":{"line":78,"column":16},"end":{"line":78,"column":61}}},"fnMap":{"0":{"name":"getPooled","decl":{"start":{"line":6,"column":16},"end":{"line":6,"column":25}},"loc":{"start":{"line":6,"column":40},"end":{"line":25,"column":1}},"line":6},"1":{"name":"findObserverElement","decl":{"start":{"line":27,"column":16},"end":{"line":27,"column":35}},"loc":{"start":{"line":27,"column":53},"end":{"line":39,"column":1}},"line":27},"2":{"name":"callback","decl":{"start":{"line":49,"column":16},"end":{"line":49,"column":24}},"loc":{"start":{"line":49,"column":44},"end":{"line":56,"column":1}},"line":49},"3":{"name":"createObserver","decl":{"start":{"line":58,"column":16},"end":{"line":58,"column":30}},"loc":{"start":{"line":58,"column":40},"end":{"line":60,"column":1}},"line":58},"4":{"name":"observeElement","decl":{"start":{"line":62,"column":16},"end":{"line":62,"column":30}},"loc":{"start":{"line":62,"column":40},"end":{"line":68,"column":1}},"line":62},"5":{"name":"unobserveElement","decl":{"start":{"line":70,"column":16},"end":{"line":70,"column":32}},"loc":{"start":{"line":70,"column":42},"end":{"line":82,"column":1}},"line":70}},"branchMap":{"0":{"loc":{"start":{"line":6,"column":26},"end":{"line":6,"column":38}},"type":"default-arg","locations":[{"start":{"line":6,"column":36},"end":{"line":6,"column":38}}],"line":6},"1":{"loc":{"start":{"line":7,"column":17},"end":{"line":7,"column":37}},"type":"binary-expr","locations":[{"start":{"line":7,"column":17},"end":{"line":7,"column":29}},{"start":{"line":7,"column":33},"end":{"line":7,"column":37}}],"line":7},"2":{"loc":{"start":{"line":9,"column":22},"end":{"line":11,"column":61}},"type":"cond-expr","locations":[{"start":{"line":10,"column":10},"end":{"line":10,"column":27}},{"start":{"line":11,"column":10},"end":{"line":11,"column":61}}],"line":9},"3":{"loc":{"start":{"line":11,"column":11},"end":{"line":11,"column":60}},"type":"cond-expr","locations":[{"start":{"line":11,"column":39},"end":{"line":11,"column":56}},{"start":{"line":11,"column":59},"end":{"line":11,"column":60}}],"line":11},"4":{"loc":{"start":{"line":16,"column":12},"end":{"line":18,"column":58}},"type":"binary-expr","locations":[{"start":{"line":16,"column":12},"end":{"line":16,"column":34}},{"start":{"line":17,"column":12},"end":{"line":17,"column":46}},{"start":{"line":18,"column":12},"end":{"line":18,"column":58}}],"line":16},"5":{"loc":{"start":{"line":20,"column":8},"end":{"line":22,"column":9}},"type":"if","locations":[{"start":{"line":20,"column":8},"end":{"line":22,"column":9}},{"start":{"line":20,"column":8},"end":{"line":22,"column":9}}],"line":20},"6":{"loc":{"start":{"line":29,"column":4},"end":{"line":37,"column":5}},"type":"if","locations":[{"start":{"line":29,"column":4},"end":{"line":37,"column":5}},{"start":{"line":29,"column":4},"end":{"line":37,"column":5}}],"line":29},"7":{"loc":{"start":{"line":33,"column":12},"end":{"line":35,"column":13}},"type":"if","locations":[{"start":{"line":33,"column":12},"end":{"line":35,"column":13}},{"start":{"line":33,"column":12},"end":{"line":35,"column":13}}],"line":33},"8":{"loc":{"start":{"line":52,"column":8},"end":{"line":54,"column":9}},"type":"if","locations":[{"start":{"line":52,"column":8},"end":{"line":54,"column":9}},{"start":{"line":52,"column":8},"end":{"line":54,"column":9}}],"line":52},"9":{"loc":{"start":{"line":59,"column":11},"end":{"line":59,"column":76}},"type":"binary-expr","locations":[{"start":{"line":59,"column":11},"end":{"line":59,"column":29}},{"start":{"line":59,"column":33},"end":{"line":59,"column":76}}],"line":59},"10":{"loc":{"start":{"line":63,"column":4},"end":{"line":65,"column":5}},"type":"if","locations":[{"start":{"line":63,"column":4},"end":{"line":65,"column":5}},{"start":{"line":63,"column":4},"end":{"line":65,"column":5}}],"line":63},"11":{"loc":{"start":{"line":71,"column":4},"end":{"line":81,"column":5}},"type":"if","locations":[{"start":{"line":71,"column":4},"end":{"line":81,"column":5}},{"start":{"line":71,"column":4},"end":{"line":81,"column":5}}],"line":71},"12":{"loc":{"start":{"line":73,"column":8},"end":{"line":80,"column":9}},"type":"if","locations":[{"start":{"line":73,"column":8},"end":{"line":80,"column":9}},{"start":{"line":73,"column":8},"end":{"line":80,"column":9}}],"line":73},"13":{"loc":{"start":{"line":74,"column":12},"end":{"line":79,"column":13}},"type":"if","locations":[{"start":{"line":74,"column":12},"end":{"line":79,"column":13}},{"start":{"line":74,"column":12},"end":{"line":79,"column":13}}],"line":74}},"s":{"0":2,"1":52,"2":52,"3":51,"4":51,"5":51,"6":12,"7":12,"8":6,"9":45,"10":18,"11":18,"12":16,"13":16,"14":18,"15":16,"16":2,"17":2,"18":8,"19":8,"20":8,"21":43,"22":43,"23":37,"24":43,"25":43,"26":14,"27":13,"28":13,"29":13,"30":1,"31":12,"32":12},"f":{"0":52,"1":18,"2":2,"3":43,"4":43,"5":14},"b":{"0":[7],"1":[52,44],"2":[16,35],"3":[8,27],"4":[12,12,9],"5":[6,6],"6":[16,2],"7":[16,2],"8":[8,0],"9":[43,39],"10":[37,6],"11":[13,1],"12":[13,0],"13":[1,12]},"_coverageSchema":"332fd63041d2c1bcb487cc26dd0d5f7d97098a6c","hash":"24d99170e4f641b5cd2932fa2dae2a0b1a661086"}
,"/Users/vibhorj/cvent-git/react-intersection-observer/src/utils.js": {"path":"/Users/vibhorj/cvent-git/react-intersection-observer/src/utils.js","statementMap":{"0":{"start":{"line":4,"column":4},"end":{"line":4,"column":77}},"1":{"start":{"line":7,"column":17},"end":{"line":7,"column":38}},"2":{"start":{"line":10,"column":25},"end":{"line":10,"column":63}},"3":{"start":{"line":11,"column":52},"end":{"line":16,"column":6}},"4":{"start":{"line":12,"column":8},"end":{"line":14,"column":9}},"5":{"start":{"line":13,"column":12},"end":{"line":13,"column":107}},"6":{"start":{"line":15,"column":8},"end":{"line":15,"column":22}},"7":{"start":{"line":18,"column":4},"end":{"line":18,"column":37}},"8":{"start":{"line":22,"column":4},"end":{"line":26,"column":5}},"9":{"start":{"line":23,"column":8},"end":{"line":25,"column":9}},"10":{"start":{"line":24,"column":12},"end":{"line":24,"column":85}},"11":{"start":{"line":24,"column":43},"end":{"line":24,"column":83}},"12":{"start":{"line":27,"column":4},"end":{"line":27,"column":25}}},"fnMap":{"0":{"name":"isDOMTypeElement","decl":{"start":{"line":3,"column":16},"end":{"line":3,"column":32}},"loc":{"start":{"line":3,"column":42},"end":{"line":5,"column":1}},"line":3},"1":{"name":"parseRootMargin","decl":{"start":{"line":9,"column":16},"end":{"line":9,"column":31}},"loc":{"start":{"line":9,"column":44},"end":{"line":19,"column":1}},"line":9},"2":{"name":"(anonymous_2)","decl":{"start":{"line":11,"column":82},"end":{"line":11,"column":83}},"loc":{"start":{"line":11,"column":92},"end":{"line":16,"column":5}},"line":11},"3":{"name":"shallowCompare","decl":{"start":{"line":21,"column":16},"end":{"line":21,"column":30}},"loc":{"start":{"line":21,"column":43},"end":{"line":28,"column":1}},"line":21},"4":{"name":"(anonymous_4)","decl":{"start":{"line":24,"column":29},"end":{"line":24,"column":30}},"loc":{"start":{"line":24,"column":43},"end":{"line":24,"column":83}},"line":24}},"branchMap":{"0":{"loc":{"start":{"line":4,"column":11},"end":{"line":4,"column":76}},"type":"binary-expr","locations":[{"start":{"line":4,"column":11},"end":{"line":4,"column":40}},{"start":{"line":4,"column":44},"end":{"line":4,"column":76}}],"line":4},"1":{"loc":{"start":{"line":10,"column":25},"end":{"line":10,"column":63}},"type":"cond-expr","locations":[{"start":{"line":10,"column":38},"end":{"line":10,"column":55}},{"start":{"line":10,"column":58},"end":{"line":10,"column":63}}],"line":10},"2":{"loc":{"start":{"line":11,"column":11},"end":{"line":11,"column":21}},"type":"default-arg","locations":[{"start":{"line":11,"column":16},"end":{"line":11,"column":21}}],"line":11},"3":{"loc":{"start":{"line":11,"column":23},"end":{"line":11,"column":30}},"type":"default-arg","locations":[{"start":{"line":11,"column":28},"end":{"line":11,"column":30}}],"line":11},"4":{"loc":{"start":{"line":11,"column":32},"end":{"line":11,"column":39}},"type":"default-arg","locations":[{"start":{"line":11,"column":37},"end":{"line":11,"column":39}}],"line":11},"5":{"loc":{"start":{"line":11,"column":41},"end":{"line":11,"column":48}},"type":"default-arg","locations":[{"start":{"line":11,"column":46},"end":{"line":11,"column":48}}],"line":11},"6":{"loc":{"start":{"line":12,"column":8},"end":{"line":14,"column":9}},"type":"if","locations":[{"start":{"line":12,"column":8},"end":{"line":14,"column":9}},{"start":{"line":12,"column":8},"end":{"line":14,"column":9}}],"line":12},"7":{"loc":{"start":{"line":22,"column":4},"end":{"line":26,"column":5}},"type":"if","locations":[{"start":{"line":22,"column":4},"end":{"line":26,"column":5}},{"start":{"line":22,"column":4},"end":{"line":26,"column":5}}],"line":22},"8":{"loc":{"start":{"line":22,"column":8},"end":{"line":22,"column":50}},"type":"binary-expr","locations":[{"start":{"line":22,"column":8},"end":{"line":22,"column":27}},{"start":{"line":22,"column":31},"end":{"line":22,"column":50}}],"line":22},"9":{"loc":{"start":{"line":23,"column":8},"end":{"line":25,"column":9}},"type":"if","locations":[{"start":{"line":23,"column":8},"end":{"line":25,"column":9}},{"start":{"line":23,"column":8},"end":{"line":25,"column":9}}],"line":23}},"s":{"0":3,"1":3,"2":61,"3":61,"4":92,"5":3,"6":89,"7":58,"8":94,"9":13,"10":9,"11":18,"12":85},"f":{"0":3,"1":61,"2":92,"3":94,"4":18},"b":{"0":[3,2],"1":[30,31],"2":[0],"3":[32],"4":[56],"5":[57],"6":[3,89],"7":[13,81],"8":[94,14],"9":[9,4]},"_coverageSchema":"332fd63041d2c1bcb487cc26dd0d5f7d97098a6c","hash":"516207c0a50704416b1eeb8904088a9c7c5e1774"}
}
